  main.cpp
C:\Users\Arnas\source\repos\AFO 2\main.cpp(72,67): warning C4244: 'argument': conversion from 'T' to 'T', possible loss of data
C:\Users\Arnas\source\repos\AFO 2\main.cpp(72,67): warning C4244:         with
C:\Users\Arnas\source\repos\AFO 2\main.cpp(72,67): warning C4244:         [
C:\Users\Arnas\source\repos\AFO 2\main.cpp(72,67): warning C4244:             T=int
C:\Users\Arnas\source\repos\AFO 2\main.cpp(72,67): warning C4244:         ]
C:\Users\Arnas\source\repos\AFO 2\main.cpp(72,67): warning C4244:         and
C:\Users\Arnas\source\repos\AFO 2\main.cpp(72,67): warning C4244:         [
C:\Users\Arnas\source\repos\AFO 2\main.cpp(72,67): warning C4244:             T=float
C:\Users\Arnas\source\repos\AFO 2\main.cpp(72,67): warning C4244:         ]
C:\Users\Arnas\source\repos\AFO 2\main.cpp(72,55): warning C4244: 'argument': conversion from 'T' to 'T', possible loss of data
C:\Users\Arnas\source\repos\AFO 2\main.cpp(72,55): warning C4244:         with
C:\Users\Arnas\source\repos\AFO 2\main.cpp(72,55): warning C4244:         [
C:\Users\Arnas\source\repos\AFO 2\main.cpp(72,55): warning C4244:             T=int
C:\Users\Arnas\source\repos\AFO 2\main.cpp(72,55): warning C4244:         ]
C:\Users\Arnas\source\repos\AFO 2\main.cpp(72,55): warning C4244:         and
C:\Users\Arnas\source\repos\AFO 2\main.cpp(72,55): warning C4244:         [
C:\Users\Arnas\source\repos\AFO 2\main.cpp(72,55): warning C4244:             T=float
C:\Users\Arnas\source\repos\AFO 2\main.cpp(72,55): warning C4244:         ]
  AFO 2.vcxproj -> C:\Users\Arnas\source\repos\AFO 2\x64\Debug\AFO 2.exe
